[debug] [2020-11-24T14:36:27.248Z] ----------------------------------------------------------------------
[debug] [2020-11-24T14:36:27.253Z] Command:       C:\Program Files\nodejs\node.exe C:\Users\admin\AppData\Roaming\npm\node_modules\firebase-tools\lib\bin\firebase.js login
[debug] [2020-11-24T14:36:27.253Z] CLI Version:   8.16.2
[debug] [2020-11-24T14:36:27.253Z] Platform:      win32
[debug] [2020-11-24T14:36:27.254Z] Node Version:  v12.18.3
[debug] [2020-11-24T14:36:27.255Z] Time:          Tue Nov 24 2020 20:06:27 GMT+0530 (India Standard Time)
[debug] [2020-11-24T14:36:27.255Z] ----------------------------------------------------------------------
[debug] [2020-11-24T14:36:27.256Z] 
[info] i  Firebase optionally collects CLI usage and error reporting information to help improve our products. Data is collected in accordance with Google's privacy policy (https://policies.google.com/privacy) and is not used to identify you.
 
[info] 
[info] Visit this URL on this device to log in:
[info] https://accounts.google.com/o/oauth2/auth?client_id=563584335869-fgrhgmd47bqnekij5i8b5pr03ho849e6.apps.googleusercontent.com&scope=email%20openid%20https%3A%2F%2Fwww.googleapis.com%2Fauth%2Fcloudplatformprojects.readonly%20https%3A%2F%2Fwww.googleapis.com%2Fauth%2Ffirebase%20https%3A%2F%2Fwww.googleapis.com%2Fauth%2Fcloud-platform&response_type=code&state=979590432&redirect_uri=http%3A%2F%2Flocalhost%3A9005
[info] 
[info] Waiting for authentication...
[debug] [2020-11-24T14:36:33.763Z] Error: spawn cmd ENOENT
    at Process.ChildProcess._handle.onexit (internal/child_process.js:267:19)
    at onErrorNT (internal/child_process.js:469:16)
    at processTicksAndRejections (internal/process/task_queues.js:84:21)
[error] 
[error] Error: An unexpected error has occurred.
